2022-02-06 23:09:31,539 INFO o.a.j.u.JMeterUtils: Setting Locale to en_EN
2022-02-06 23:09:31,564 INFO o.a.j.JMeter: Loading user properties from: /usr/local/Cellar/jmeter/5.4.3/libexec/bin/user.properties
2022-02-06 23:09:31,565 INFO o.a.j.JMeter: Loading system properties from: /usr/local/Cellar/jmeter/5.4.3/libexec/bin/system.properties
2022-02-06 23:09:31,569 INFO o.a.j.JMeter: Copyright (c) 1998-2021 The Apache Software Foundation
2022-02-06 23:09:31,570 INFO o.a.j.JMeter: Version 5.4.3
2022-02-06 23:09:31,570 INFO o.a.j.JMeter: java.version=17.0.2
2022-02-06 23:09:31,570 INFO o.a.j.JMeter: java.vm.name=OpenJDK 64-Bit Server VM
2022-02-06 23:09:31,570 INFO o.a.j.JMeter: os.name=Mac OS X
2022-02-06 23:09:31,570 INFO o.a.j.JMeter: os.arch=x86_64
2022-02-06 23:09:31,570 INFO o.a.j.JMeter: os.version=10.15.7
2022-02-06 23:09:31,570 INFO o.a.j.JMeter: file.encoding=UTF-8
2022-02-06 23:09:31,570 INFO o.a.j.JMeter: java.awt.headless=null
2022-02-06 23:09:31,570 INFO o.a.j.JMeter: Max memory     =1073741824
2022-02-06 23:09:31,570 INFO o.a.j.JMeter: Available Processors =16
2022-02-06 23:09:31,577 INFO o.a.j.JMeter: Default Locale=English (EN)
2022-02-06 23:09:31,577 INFO o.a.j.JMeter: JMeter  Locale=English (EN)
2022-02-06 23:09:31,577 INFO o.a.j.JMeter: JMeterHome=/usr/local/Cellar/jmeter/5.4.3/libexec
2022-02-06 23:09:31,577 INFO o.a.j.JMeter: user.dir  =/Users/pradhans/Documents/suppliermongo/mongo-java-data-service/java-mongo-dataconnector
2022-02-06 23:09:31,578 INFO o.a.j.JMeter: PWD       =/Users/pradhans/Documents/suppliermongo/mongo-java-data-service/java-mongo-dataconnector
2022-02-06 23:09:31,579 INFO o.a.j.JMeter: IP: 127.0.0.1 Name: Saurabhs-MacBook-Pro.local FullName: localhost
2022-02-06 23:09:34,587 INFO o.a.j.JMeter: Setting LAF to: com.github.weisj.darklaf.DarkLaf:com.github.weisj.darklaf.theme.DarculaTheme
2022-02-06 23:09:36,303 INFO o.a.j.JMeter: Loaded icon properties from org/apache/jmeter/images/icon.properties
2022-02-06 23:09:42,799 INFO o.j.r.JARSourceHTTP: Requesting https://jmeter-plugins.org/repo/?installID=mac_os_x-d7f630f45c6c82dd6496e95b33e5e27f-gui
2022-02-06 23:09:45,637 INFO o.j.r.PluginManager: Plugins Status: [jpgc-plugins-manager=1.7, jmeter-core=5.4.3, jmeter-ftp=5.4.3, jmeter-http=5.4.3, jmeter-jdbc=5.4.3, jmeter-jms=5.4.3, jmeter-junit=5.4.3, jmeter-java=5.4.3, jmeter-ldap=5.4.3, jmeter-mail=5.4.3, jmeter-mongodb=5.4.3, jmeter-native=5.4.3, jmeter-tcp=5.4.3, jmeter-components=5.4.3]
2022-02-06 23:10:33,233 INFO o.a.j.g.a.t.TemplateManager: Reading templates from: /usr/local/Cellar/jmeter/5.4.3/libexec/bin/templates/templates.xml
2022-02-06 23:12:27,597 ERROR o.a.j.JMeter: Uncaught exception in thread Thread[AWT-EventQueue-0,6,main]
java.lang.IllegalAccessError: class com.github.weisj.darklaf.ui.filechooser.DarkFilePaneUIBridge$DetailsTableModel (in unnamed module @0x341b80b2) cannot access class sun.awt.shell.ShellFolder (in module java.desktop) because module java.desktop does not export sun.awt.shell to unnamed module @0x341b80b2
	at com.github.weisj.darklaf.ui.filechooser.DarkFilePaneUIBridge$DetailsTableModel.updateColumnInfo(DarkFilePaneUIBridge.java:1128) ~[darklaf-core-2.5.4.jar:2.5.4]
	at com.github.weisj.darklaf.ui.filechooser.DarkFilePaneUIBridge$DetailsTableModel.<init>(DarkFilePaneUIBridge.java:1115) ~[darklaf-core-2.5.4.jar:2.5.4]
	at com.github.weisj.darklaf.ui.filechooser.DarkFilePaneUIBridge.getDetailsTableModel(DarkFilePaneUIBridge.java:576) ~[darklaf-core-2.5.4.jar:2.5.4]
	at com.github.weisj.darklaf.ui.filechooser.DarkFilePaneUIBridge$SortableListModel.<init>(DarkFilePaneUIBridge.java:1079) ~[darklaf-core-2.5.4.jar:2.5.4]
	at com.github.weisj.darklaf.ui.filechooser.DarkFilePane.createList(DarkFilePane.java:137) ~[darklaf-core-2.5.4.jar:2.5.4]
	at com.github.weisj.darklaf.ui.filechooser.DarkFileChooserUIBridge.createList(DarkFileChooserUIBridge.java:585) ~[darklaf-core-2.5.4.jar:2.5.4]
	at com.github.weisj.darklaf.ui.filechooser.DarkFileChooserUIBridge$MetalFileChooserUIAccessor.createList(DarkFileChooserUIBridge.java:750) ~[darklaf-core-2.5.4.jar:2.5.4]
	at com.github.weisj.darklaf.ui.filechooser.DarkFilePaneUIBridge.setViewType(DarkFilePaneUIBridge.java:376) ~[darklaf-core-2.5.4.jar:2.5.4]
	at com.github.weisj.darklaf.ui.filechooser.DarkFilePaneUIBridge.propertyChange(DarkFilePaneUIBridge.java:890) ~[darklaf-core-2.5.4.jar:2.5.4]
	at java.beans.PropertyChangeSupport.fire(PropertyChangeSupport.java:343) ~[?:?]
	at java.beans.PropertyChangeSupport.firePropertyChange(PropertyChangeSupport.java:335) ~[?:?]
	at java.beans.PropertyChangeSupport.firePropertyChange(PropertyChangeSupport.java:268) ~[?:?]
	at java.awt.Component.firePropertyChange(Component.java:8722) ~[?:?]
	at javax.swing.JComponent.setUI(JComponent.java:733) ~[?:?]
	at javax.swing.JFileChooser.updateUI(JFileChooser.java:1839) ~[?:?]
	at javax.swing.JFileChooser.setup(JFileChooser.java:396) ~[?:?]
	at javax.swing.JFileChooser.<init>(JFileChooser.java:362) ~[?:?]
	at javax.swing.JFileChooser.<init>(JFileChooser.java:309) ~[?:?]
	at org.apache.jmeter.gui.util.FileDialoger.<clinit>(FileDialoger.java:42) ~[ApacheJMeter_core.jar:5.4.3]
	at org.apache.jmeter.gui.action.Load.doActionAfterCheck(Load.java:75) ~[ApacheJMeter_core.jar:5.4.3]
	at org.apache.jmeter.gui.action.AbstractActionWithNoRunningTest.doAction(AbstractActionWithNoRunningTest.java:44) ~[ApacheJMeter_core.jar:5.4.3]
	at org.apache.jmeter.gui.action.ActionRouter.performAction(ActionRouter.java:87) ~[ApacheJMeter_core.jar:5.4.3]
	at org.apache.jmeter.gui.action.ActionRouter.lambda$actionPerformed$0(ActionRouter.java:69) ~[ApacheJMeter_core.jar:5.4.3]
	at java.awt.event.InvocationEvent.dispatch(InvocationEvent.java:318) ~[?:?]
	at java.awt.EventQueue.dispatchEventImpl(EventQueue.java:771) ~[?:?]
	at java.awt.EventQueue$4.run(EventQueue.java:722) ~[?:?]
	at java.awt.EventQueue$4.run(EventQueue.java:716) ~[?:?]
	at java.security.AccessController.doPrivileged(AccessController.java:399) ~[?:?]
	at java.security.ProtectionDomain$JavaSecurityAccessImpl.doIntersectionPrivilege(ProtectionDomain.java:86) ~[?:?]
	at java.awt.EventQueue.dispatchEvent(EventQueue.java:741) ~[?:?]
	at java.awt.EventDispatchThread.pumpOneEventForFilters(EventDispatchThread.java:203) [?:?]
	at java.awt.EventDispatchThread.pumpEventsForFilter(EventDispatchThread.java:124) [?:?]
	at java.awt.EventDispatchThread.pumpEventsForHierarchy(EventDispatchThread.java:113) [?:?]
	at java.awt.EventDispatchThread.pumpEvents(EventDispatchThread.java:109) [?:?]
	at java.awt.EventDispatchThread.pumpEvents(EventDispatchThread.java:101) [?:?]
	at java.awt.EventDispatchThread.run(EventDispatchThread.java:90) [?:?]
2022-02-06 23:14:01,896 ERROR o.a.j.JMeter: Uncaught exception in thread Thread[AWT-EventQueue-0,6,main]
java.lang.NoClassDefFoundError: Could not initialize class org.apache.jmeter.gui.util.FileDialoger
	at org.apache.jmeter.gui.action.Save.computeFileName(Save.java:201) ~[ApacheJMeter_core.jar:5.4.3]
	at org.apache.jmeter.gui.action.Save.doAction(Save.java:163) ~[ApacheJMeter_core.jar:5.4.3]
	at org.apache.jmeter.gui.action.ActionRouter.performAction(ActionRouter.java:87) ~[ApacheJMeter_core.jar:5.4.3]
	at org.apache.jmeter.gui.action.ActionRouter.lambda$actionPerformed$0(ActionRouter.java:69) ~[ApacheJMeter_core.jar:5.4.3]
	at java.awt.event.InvocationEvent.dispatch(InvocationEvent.java:318) ~[?:?]
	at java.awt.EventQueue.dispatchEventImpl(EventQueue.java:771) ~[?:?]
	at java.awt.EventQueue$4.run(EventQueue.java:722) ~[?:?]
	at java.awt.EventQueue$4.run(EventQueue.java:716) ~[?:?]
	at java.security.AccessController.doPrivileged(AccessController.java:399) ~[?:?]
	at java.security.ProtectionDomain$JavaSecurityAccessImpl.doIntersectionPrivilege(ProtectionDomain.java:86) ~[?:?]
	at java.awt.EventQueue.dispatchEvent(EventQueue.java:741) ~[?:?]
	at java.awt.EventDispatchThread.pumpOneEventForFilters(EventDispatchThread.java:203) [?:?]
	at java.awt.EventDispatchThread.pumpEventsForFilter(EventDispatchThread.java:124) [?:?]
	at java.awt.EventDispatchThread.pumpEventsForHierarchy(EventDispatchThread.java:113) [?:?]
	at java.awt.EventDispatchThread.pumpEvents(EventDispatchThread.java:109) [?:?]
	at java.awt.EventDispatchThread.pumpEvents(EventDispatchThread.java:101) [?:?]
	at java.awt.EventDispatchThread.run(EventDispatchThread.java:90) [?:?]
2022-02-06 23:14:30,048 INFO o.a.j.p.h.s.HTTPSamplerBase: Parser for text/html is org.apache.jmeter.protocol.http.parser.LagartoBasedHtmlParser
2022-02-06 23:14:30,048 INFO o.a.j.p.h.s.HTTPSamplerBase: Parser for application/xhtml+xml is org.apache.jmeter.protocol.http.parser.LagartoBasedHtmlParser
2022-02-06 23:14:30,048 INFO o.a.j.p.h.s.HTTPSamplerBase: Parser for application/xml is org.apache.jmeter.protocol.http.parser.LagartoBasedHtmlParser
2022-02-06 23:14:30,048 INFO o.a.j.p.h.s.HTTPSamplerBase: Parser for text/xml is org.apache.jmeter.protocol.http.parser.LagartoBasedHtmlParser
2022-02-06 23:14:30,048 INFO o.a.j.p.h.s.HTTPSamplerBase: Parser for text/vnd.wap.wml is org.apache.jmeter.protocol.http.parser.RegexpHTMLParser
2022-02-06 23:14:30,048 INFO o.a.j.p.h.s.HTTPSamplerBase: Parser for text/css is org.apache.jmeter.protocol.http.parser.CssParser
2022-02-06 23:16:11,608 ERROR o.a.j.JMeter: Uncaught exception in thread Thread[AWT-EventQueue-0,6,main]
java.lang.NoClassDefFoundError: Could not initialize class org.apache.jmeter.gui.util.FileDialoger
	at org.apache.jmeter.gui.action.Save.computeFileName(Save.java:201) ~[ApacheJMeter_core.jar:5.4.3]
	at org.apache.jmeter.gui.action.Save.doAction(Save.java:163) ~[ApacheJMeter_core.jar:5.4.3]
	at org.apache.jmeter.gui.action.ActionRouter.performAction(ActionRouter.java:87) ~[ApacheJMeter_core.jar:5.4.3]
	at org.apache.jmeter.gui.action.ActionRouter.lambda$actionPerformed$0(ActionRouter.java:69) ~[ApacheJMeter_core.jar:5.4.3]
	at java.awt.event.InvocationEvent.dispatch(InvocationEvent.java:318) ~[?:?]
	at java.awt.EventQueue.dispatchEventImpl(EventQueue.java:771) ~[?:?]
	at java.awt.EventQueue$4.run(EventQueue.java:722) ~[?:?]
	at java.awt.EventQueue$4.run(EventQueue.java:716) ~[?:?]
	at java.security.AccessController.doPrivileged(AccessController.java:399) ~[?:?]
	at java.security.ProtectionDomain$JavaSecurityAccessImpl.doIntersectionPrivilege(ProtectionDomain.java:86) ~[?:?]
	at java.awt.EventQueue.dispatchEvent(EventQueue.java:741) ~[?:?]
	at java.awt.EventDispatchThread.pumpOneEventForFilters(EventDispatchThread.java:203) [?:?]
	at java.awt.EventDispatchThread.pumpEventsForFilter(EventDispatchThread.java:124) [?:?]
	at java.awt.EventDispatchThread.pumpEventsForHierarchy(EventDispatchThread.java:113) [?:?]
	at java.awt.EventDispatchThread.pumpEvents(EventDispatchThread.java:109) [?:?]
	at java.awt.EventDispatchThread.pumpEvents(EventDispatchThread.java:101) [?:?]
	at java.awt.EventDispatchThread.run(EventDispatchThread.java:90) [?:?]
2022-02-06 23:18:20,307 ERROR o.a.j.JMeter: Uncaught exception in thread Thread[AWT-EventQueue-0,6,main]
java.lang.NoClassDefFoundError: Could not initialize class org.apache.jmeter.gui.util.FileDialoger
	at org.apache.jmeter.gui.action.Save.computeFileName(Save.java:201) ~[ApacheJMeter_core.jar:5.4.3]
	at org.apache.jmeter.gui.action.Save.doAction(Save.java:163) ~[ApacheJMeter_core.jar:5.4.3]
	at org.apache.jmeter.gui.action.ActionRouter.performAction(ActionRouter.java:87) ~[ApacheJMeter_core.jar:5.4.3]
	at org.apache.jmeter.gui.action.ActionRouter.doActionNow(ActionRouter.java:124) ~[ApacheJMeter_core.jar:5.4.3]
	at org.apache.jmeter.gui.action.AbstractAction.popupShouldSave(AbstractAction.java:76) ~[ApacheJMeter_core.jar:5.4.3]
	at org.apache.jmeter.gui.action.Start.doAction(Start.java:111) ~[ApacheJMeter_core.jar:5.4.3]
	at org.apache.jmeter.gui.action.ActionRouter.performAction(ActionRouter.java:87) ~[ApacheJMeter_core.jar:5.4.3]
	at org.apache.jmeter.gui.action.ActionRouter.lambda$actionPerformed$0(ActionRouter.java:69) ~[ApacheJMeter_core.jar:5.4.3]
	at java.awt.event.InvocationEvent.dispatch(InvocationEvent.java:318) ~[?:?]
	at java.awt.EventQueue.dispatchEventImpl(EventQueue.java:771) ~[?:?]
	at java.awt.EventQueue$4.run(EventQueue.java:722) ~[?:?]
	at java.awt.EventQueue$4.run(EventQueue.java:716) ~[?:?]
	at java.security.AccessController.doPrivileged(AccessController.java:399) ~[?:?]
	at java.security.ProtectionDomain$JavaSecurityAccessImpl.doIntersectionPrivilege(ProtectionDomain.java:86) ~[?:?]
	at java.awt.EventQueue.dispatchEvent(EventQueue.java:741) ~[?:?]
	at java.awt.EventDispatchThread.pumpOneEventForFilters(EventDispatchThread.java:203) [?:?]
	at java.awt.EventDispatchThread.pumpEventsForFilter(EventDispatchThread.java:124) [?:?]
	at java.awt.EventDispatchThread.pumpEventsForHierarchy(EventDispatchThread.java:113) [?:?]
	at java.awt.EventDispatchThread.pumpEvents(EventDispatchThread.java:109) [?:?]
	at java.awt.EventDispatchThread.pumpEvents(EventDispatchThread.java:101) [?:?]
	at java.awt.EventDispatchThread.run(EventDispatchThread.java:90) [?:?]
2022-02-06 23:18:22,545 ERROR o.a.j.JMeter: Uncaught exception in thread Thread[AWT-EventQueue-0,6,main]
java.lang.NoClassDefFoundError: Could not initialize class org.apache.jmeter.gui.util.FileDialoger
	at org.apache.jmeter.gui.action.Save.computeFileName(Save.java:201) ~[ApacheJMeter_core.jar:5.4.3]
	at org.apache.jmeter.gui.action.Save.doAction(Save.java:163) ~[ApacheJMeter_core.jar:5.4.3]
	at org.apache.jmeter.gui.action.ActionRouter.performAction(ActionRouter.java:87) ~[ApacheJMeter_core.jar:5.4.3]
	at org.apache.jmeter.gui.action.ActionRouter.lambda$actionPerformed$0(ActionRouter.java:69) ~[ApacheJMeter_core.jar:5.4.3]
	at java.awt.event.InvocationEvent.dispatch(InvocationEvent.java:318) ~[?:?]
	at java.awt.EventQueue.dispatchEventImpl(EventQueue.java:771) ~[?:?]
	at java.awt.EventQueue$4.run(EventQueue.java:722) ~[?:?]
	at java.awt.EventQueue$4.run(EventQueue.java:716) ~[?:?]
	at java.security.AccessController.doPrivileged(AccessController.java:399) ~[?:?]
	at java.security.ProtectionDomain$JavaSecurityAccessImpl.doIntersectionPrivilege(ProtectionDomain.java:86) ~[?:?]
	at java.awt.EventQueue.dispatchEvent(EventQueue.java:741) ~[?:?]
	at java.awt.EventDispatchThread.pumpOneEventForFilters(EventDispatchThread.java:203) [?:?]
	at java.awt.EventDispatchThread.pumpEventsForFilter(EventDispatchThread.java:124) [?:?]
	at java.awt.EventDispatchThread.pumpEventsForHierarchy(EventDispatchThread.java:113) [?:?]
	at java.awt.EventDispatchThread.pumpEvents(EventDispatchThread.java:109) [?:?]
	at java.awt.EventDispatchThread.pumpEvents(EventDispatchThread.java:101) [?:?]
	at java.awt.EventDispatchThread.run(EventDispatchThread.java:90) [?:?]
2022-02-06 23:18:29,728 ERROR o.a.j.JMeter: Uncaught exception in thread Thread[AWT-EventQueue-0,6,main]
java.lang.NoClassDefFoundError: Could not initialize class org.apache.jmeter.gui.util.FileDialoger
	at org.apache.jmeter.gui.action.Save.computeFileName(Save.java:201) ~[ApacheJMeter_core.jar:5.4.3]
	at org.apache.jmeter.gui.action.Save.doAction(Save.java:163) ~[ApacheJMeter_core.jar:5.4.3]
	at org.apache.jmeter.gui.action.ActionRouter.performAction(ActionRouter.java:87) ~[ApacheJMeter_core.jar:5.4.3]
	at org.apache.jmeter.gui.action.ActionRouter.doActionNow(ActionRouter.java:124) ~[ApacheJMeter_core.jar:5.4.3]
	at org.apache.jmeter.gui.action.AbstractAction.popupShouldSave(AbstractAction.java:76) ~[ApacheJMeter_core.jar:5.4.3]
	at org.apache.jmeter.gui.action.Start.doAction(Start.java:111) ~[ApacheJMeter_core.jar:5.4.3]
	at org.apache.jmeter.gui.action.ActionRouter.performAction(ActionRouter.java:87) ~[ApacheJMeter_core.jar:5.4.3]
	at org.apache.jmeter.gui.action.ActionRouter.lambda$actionPerformed$0(ActionRouter.java:69) ~[ApacheJMeter_core.jar:5.4.3]
	at java.awt.event.InvocationEvent.dispatch(InvocationEvent.java:318) ~[?:?]
	at java.awt.EventQueue.dispatchEventImpl(EventQueue.java:771) ~[?:?]
	at java.awt.EventQueue$4.run(EventQueue.java:722) ~[?:?]
	at java.awt.EventQueue$4.run(EventQueue.java:716) ~[?:?]
	at java.security.AccessController.doPrivileged(AccessController.java:399) ~[?:?]
	at java.security.ProtectionDomain$JavaSecurityAccessImpl.doIntersectionPrivilege(ProtectionDomain.java:86) ~[?:?]
	at java.awt.EventQueue.dispatchEvent(EventQueue.java:741) ~[?:?]
	at java.awt.EventDispatchThread.pumpOneEventForFilters(EventDispatchThread.java:203) [?:?]
	at java.awt.EventDispatchThread.pumpEventsForFilter(EventDispatchThread.java:124) [?:?]
	at java.awt.EventDispatchThread.pumpEventsForHierarchy(EventDispatchThread.java:113) [?:?]
	at java.awt.EventDispatchThread.pumpEvents(EventDispatchThread.java:109) [?:?]
	at java.awt.EventDispatchThread.pumpEvents(EventDispatchThread.java:101) [?:?]
	at java.awt.EventDispatchThread.run(EventDispatchThread.java:90) [?:?]
2022-02-06 23:18:32,380 ERROR o.a.j.JMeter: Uncaught exception in thread Thread[AWT-EventQueue-0,6,main]
java.lang.NoClassDefFoundError: Could not initialize class org.apache.jmeter.gui.util.FileDialoger
	at org.apache.jmeter.gui.action.Save.computeFileName(Save.java:201) ~[ApacheJMeter_core.jar:5.4.3]
	at org.apache.jmeter.gui.action.Save.doAction(Save.java:163) ~[ApacheJMeter_core.jar:5.4.3]
	at org.apache.jmeter.gui.action.ActionRouter.performAction(ActionRouter.java:87) ~[ApacheJMeter_core.jar:5.4.3]
	at org.apache.jmeter.gui.action.ActionRouter.lambda$actionPerformed$0(ActionRouter.java:69) ~[ApacheJMeter_core.jar:5.4.3]
	at java.awt.event.InvocationEvent.dispatch(InvocationEvent.java:318) ~[?:?]
	at java.awt.EventQueue.dispatchEventImpl(EventQueue.java:771) ~[?:?]
	at java.awt.EventQueue$4.run(EventQueue.java:722) ~[?:?]
	at java.awt.EventQueue$4.run(EventQueue.java:716) ~[?:?]
	at java.security.AccessController.doPrivileged(AccessController.java:399) ~[?:?]
	at java.security.ProtectionDomain$JavaSecurityAccessImpl.doIntersectionPrivilege(ProtectionDomain.java:86) ~[?:?]
	at java.awt.EventQueue.dispatchEvent(EventQueue.java:741) ~[?:?]
	at java.awt.EventDispatchThread.pumpOneEventForFilters(EventDispatchThread.java:203) [?:?]
	at java.awt.EventDispatchThread.pumpEventsForFilter(EventDispatchThread.java:124) [?:?]
	at java.awt.EventDispatchThread.pumpEventsForHierarchy(EventDispatchThread.java:113) [?:?]
	at java.awt.EventDispatchThread.pumpEvents(EventDispatchThread.java:109) [?:?]
	at java.awt.EventDispatchThread.pumpEvents(EventDispatchThread.java:101) [?:?]
	at java.awt.EventDispatchThread.run(EventDispatchThread.java:90) [?:?]
2022-02-06 23:19:55,750 ERROR o.a.j.JMeter: Uncaught exception in thread Thread[AWT-EventQueue-0,6,main]
java.lang.NoClassDefFoundError: Could not initialize class org.apache.jmeter.gui.util.FileDialoger
	at org.apache.jmeter.gui.action.Save.computeFileName(Save.java:201) ~[ApacheJMeter_core.jar:5.4.3]
	at org.apache.jmeter.gui.action.Save.doAction(Save.java:163) ~[ApacheJMeter_core.jar:5.4.3]
	at org.apache.jmeter.gui.action.ActionRouter.performAction(ActionRouter.java:87) ~[ApacheJMeter_core.jar:5.4.3]
	at org.apache.jmeter.gui.action.ActionRouter.lambda$actionPerformed$0(ActionRouter.java:69) ~[ApacheJMeter_core.jar:5.4.3]
	at java.awt.event.InvocationEvent.dispatch(InvocationEvent.java:318) ~[?:?]
	at java.awt.EventQueue.dispatchEventImpl(EventQueue.java:771) ~[?:?]
	at java.awt.EventQueue$4.run(EventQueue.java:722) ~[?:?]
	at java.awt.EventQueue$4.run(EventQueue.java:716) ~[?:?]
	at java.security.AccessController.doPrivileged(AccessController.java:399) ~[?:?]
	at java.security.ProtectionDomain$JavaSecurityAccessImpl.doIntersectionPrivilege(ProtectionDomain.java:86) ~[?:?]
	at java.awt.EventQueue.dispatchEvent(EventQueue.java:741) ~[?:?]
	at java.awt.EventDispatchThread.pumpOneEventForFilters(EventDispatchThread.java:203) [?:?]
	at java.awt.EventDispatchThread.pumpEventsForFilter(EventDispatchThread.java:124) [?:?]
	at java.awt.EventDispatchThread.pumpEventsForHierarchy(EventDispatchThread.java:113) [?:?]
	at java.awt.EventDispatchThread.pumpEvents(EventDispatchThread.java:109) [?:?]
	at java.awt.EventDispatchThread.pumpEvents(EventDispatchThread.java:101) [?:?]
	at java.awt.EventDispatchThread.run(EventDispatchThread.java:90) [?:?]
2022-02-06 23:22:15,142 ERROR o.a.j.JMeter: Uncaught exception in thread Thread[AWT-EventQueue-0,6,main]
java.lang.NoClassDefFoundError: Could not initialize class org.apache.jmeter.gui.util.FileDialoger
	at org.apache.jmeter.gui.action.Save.computeFileName(Save.java:201) ~[ApacheJMeter_core.jar:5.4.3]
	at org.apache.jmeter.gui.action.Save.doAction(Save.java:163) ~[ApacheJMeter_core.jar:5.4.3]
	at org.apache.jmeter.gui.action.ActionRouter.performAction(ActionRouter.java:87) ~[ApacheJMeter_core.jar:5.4.3]
	at org.apache.jmeter.gui.action.ActionRouter.lambda$actionPerformed$0(ActionRouter.java:69) ~[ApacheJMeter_core.jar:5.4.3]
	at java.awt.event.InvocationEvent.dispatch(InvocationEvent.java:318) ~[?:?]
	at java.awt.EventQueue.dispatchEventImpl(EventQueue.java:771) ~[?:?]
	at java.awt.EventQueue$4.run(EventQueue.java:722) ~[?:?]
	at java.awt.EventQueue$4.run(EventQueue.java:716) ~[?:?]
	at java.security.AccessController.doPrivileged(AccessController.java:399) ~[?:?]
	at java.security.ProtectionDomain$JavaSecurityAccessImpl.doIntersectionPrivilege(ProtectionDomain.java:86) ~[?:?]
	at java.awt.EventQueue.dispatchEvent(EventQueue.java:741) ~[?:?]
	at java.awt.EventDispatchThread.pumpOneEventForFilters(EventDispatchThread.java:203) [?:?]
	at java.awt.EventDispatchThread.pumpEventsForFilter(EventDispatchThread.java:124) [?:?]
	at java.awt.EventDispatchThread.pumpEventsForHierarchy(EventDispatchThread.java:113) [?:?]
	at java.awt.EventDispatchThread.pumpEvents(EventDispatchThread.java:109) [?:?]
	at java.awt.EventDispatchThread.pumpEvents(EventDispatchThread.java:101) [?:?]
	at java.awt.EventDispatchThread.run(EventDispatchThread.java:90) [?:?]
2022-02-06 23:22:28,404 ERROR o.a.j.JMeter: Uncaught exception in thread Thread[AWT-EventQueue-0,6,main]
java.lang.NoClassDefFoundError: Could not initialize class org.apache.jmeter.gui.util.FileDialoger
	at org.apache.jmeter.gui.action.Save.computeFileName(Save.java:201) ~[ApacheJMeter_core.jar:5.4.3]
	at org.apache.jmeter.gui.action.Save.doAction(Save.java:163) ~[ApacheJMeter_core.jar:5.4.3]
	at org.apache.jmeter.gui.action.ActionRouter.performAction(ActionRouter.java:87) ~[ApacheJMeter_core.jar:5.4.3]
	at org.apache.jmeter.gui.action.ActionRouter.lambda$actionPerformed$0(ActionRouter.java:69) ~[ApacheJMeter_core.jar:5.4.3]
	at java.awt.event.InvocationEvent.dispatch(InvocationEvent.java:318) ~[?:?]
	at java.awt.EventQueue.dispatchEventImpl(EventQueue.java:771) ~[?:?]
	at java.awt.EventQueue$4.run(EventQueue.java:722) ~[?:?]
	at java.awt.EventQueue$4.run(EventQueue.java:716) ~[?:?]
	at java.security.AccessController.doPrivileged(AccessController.java:399) ~[?:?]
	at java.security.ProtectionDomain$JavaSecurityAccessImpl.doIntersectionPrivilege(ProtectionDomain.java:86) ~[?:?]
	at java.awt.EventQueue.dispatchEvent(EventQueue.java:741) ~[?:?]
	at java.awt.EventDispatchThread.pumpOneEventForFilters(EventDispatchThread.java:203) [?:?]
	at java.awt.EventDispatchThread.pumpEventsForFilter(EventDispatchThread.java:124) [?:?]
	at java.awt.EventDispatchThread.pumpEventsForHierarchy(EventDispatchThread.java:113) [?:?]
	at java.awt.EventDispatchThread.pumpEvents(EventDispatchThread.java:109) [?:?]
	at java.awt.EventDispatchThread.pumpEvents(EventDispatchThread.java:101) [?:?]
	at java.awt.EventDispatchThread.run(EventDispatchThread.java:90) [?:?]
2022-02-06 23:22:51,760 INFO o.a.j.e.StandardJMeterEngine: Running the test!
2022-02-06 23:22:51,761 INFO o.a.j.s.SampleEvent: List of sample_variables: []
2022-02-06 23:22:51,761 INFO o.a.j.s.SampleEvent: List of sample_variables: []
2022-02-06 23:22:51,762 INFO o.a.j.e.u.CompoundVariable: Note: Function class names must contain the string: '.functions.'
2022-02-06 23:22:51,762 INFO o.a.j.e.u.CompoundVariable: Note: Function class names must not contain the string: '.gui.'
2022-02-06 23:22:51,793 INFO o.a.j.g.u.JMeterMenuBar: setRunning(true, *local*)
2022-02-06 23:22:51,824 INFO o.a.j.e.StandardJMeterEngine: Starting ThreadGroup: 1 : Thread Group
2022-02-06 23:22:51,824 INFO o.a.j.e.StandardJMeterEngine: Starting 5 threads for group Thread Group.
2022-02-06 23:22:51,824 INFO o.a.j.e.StandardJMeterEngine: Thread will continue on error
2022-02-06 23:22:51,824 INFO o.a.j.t.ThreadGroup: Starting thread group... number=1 threads=5 ramp-up=1 delayedStart=false
2022-02-06 23:22:51,826 INFO o.a.j.t.JMeterThread: Thread started: Thread Group 1-1
2022-02-06 23:22:51,827 INFO o.a.j.t.ThreadGroup: Started thread group number 1
2022-02-06 23:22:51,827 INFO o.a.j.e.StandardJMeterEngine: All thread groups have been started
2022-02-06 23:22:51,833 INFO o.a.j.p.h.s.HTTPHCAbstractImpl: Local host = Saurabhs-MacBook-Pro.local
2022-02-06 23:22:51,839 INFO o.a.j.p.h.s.HTTPHC4Impl: HTTP request retry count = 0
2022-02-06 23:22:51,839 INFO o.a.j.s.SampleResult: Note: Sample TimeStamps are START times
2022-02-06 23:22:51,839 INFO o.a.j.s.SampleResult: sampleresult.default.encoding is set to ISO-8859-1
2022-02-06 23:22:51,839 INFO o.a.j.s.SampleResult: sampleresult.useNanoTime=true
2022-02-06 23:22:51,840 INFO o.a.j.s.SampleResult: sampleresult.nanoThreadSleep=5000
2022-02-06 23:22:52,028 INFO o.a.j.t.JMeterThread: Thread started: Thread Group 1-2
2022-02-06 23:22:52,230 INFO o.a.j.t.JMeterThread: Thread started: Thread Group 1-3
2022-02-06 23:22:52,429 INFO o.a.j.t.JMeterThread: Thread started: Thread Group 1-4
2022-02-06 23:22:52,629 INFO o.a.j.t.JMeterThread: Thread started: Thread Group 1-5
2022-02-06 23:23:01,186 INFO o.a.j.t.JMeterThread: Thread is done: Thread Group 1-2
2022-02-06 23:23:01,187 INFO o.a.j.t.JMeterThread: Thread finished: Thread Group 1-2
2022-02-06 23:23:01,339 INFO o.a.j.t.JMeterThread: Thread is done: Thread Group 1-3
2022-02-06 23:23:01,339 INFO o.a.j.t.JMeterThread: Thread finished: Thread Group 1-3
2022-02-06 23:23:01,689 INFO o.a.j.t.JMeterThread: Thread is done: Thread Group 1-5
2022-02-06 23:23:01,690 INFO o.a.j.t.JMeterThread: Thread finished: Thread Group 1-5
2022-02-06 23:23:01,756 INFO o.a.j.t.JMeterThread: Thread is done: Thread Group 1-1
2022-02-06 23:23:01,757 INFO o.a.j.t.JMeterThread: Thread finished: Thread Group 1-1
2022-02-06 23:23:02,006 INFO o.a.j.t.JMeterThread: Thread is done: Thread Group 1-4
2022-02-06 23:23:02,006 INFO o.a.j.t.JMeterThread: Thread finished: Thread Group 1-4
2022-02-06 23:23:02,007 INFO o.a.j.e.StandardJMeterEngine: Notifying test listeners of end of test
2022-02-06 23:23:02,009 INFO o.a.j.s.FileServer: Default base='/Users/pradhans/Documents/suppliermongo/mongo-java-data-service/java-mongo-dataconnector'
2022-02-06 23:23:02,009 INFO o.a.j.g.u.JMeterMenuBar: setRunning(false, *local*)
2022-02-06 23:25:09,278 INFO o.a.j.e.StandardJMeterEngine: Running the test!
2022-02-06 23:25:09,279 INFO o.a.j.s.SampleEvent: List of sample_variables: []
2022-02-06 23:25:09,279 INFO o.a.j.g.u.JMeterMenuBar: setRunning(true, *local*)
2022-02-06 23:25:09,312 INFO o.a.j.e.StandardJMeterEngine: Starting ThreadGroup: 1 : Thread Group
2022-02-06 23:25:09,312 INFO o.a.j.e.StandardJMeterEngine: Starting 5 threads for group Thread Group.
2022-02-06 23:25:09,312 INFO o.a.j.e.StandardJMeterEngine: Thread will continue on error
2022-02-06 23:25:09,312 INFO o.a.j.t.ThreadGroup: Starting thread group... number=1 threads=5 ramp-up=1 delayedStart=false
2022-02-06 23:25:09,313 INFO o.a.j.t.JMeterThread: Thread started: Thread Group 1-1
2022-02-06 23:25:09,314 INFO o.a.j.t.ThreadGroup: Started thread group number 1
2022-02-06 23:25:09,314 INFO o.a.j.e.StandardJMeterEngine: All thread groups have been started
2022-02-06 23:25:09,513 INFO o.a.j.t.JMeterThread: Thread started: Thread Group 1-2
2022-02-06 23:25:09,712 INFO o.a.j.t.JMeterThread: Thread started: Thread Group 1-3
2022-02-06 23:25:09,914 INFO o.a.j.t.JMeterThread: Thread started: Thread Group 1-4
2022-02-06 23:25:10,118 INFO o.a.j.t.JMeterThread: Thread started: Thread Group 1-5
2022-02-06 23:25:18,632 INFO o.a.j.t.JMeterThread: Thread is done: Thread Group 1-1
2022-02-06 23:25:18,633 INFO o.a.j.t.JMeterThread: Thread finished: Thread Group 1-1
2022-02-06 23:25:18,753 INFO o.a.j.t.JMeterThread: Thread is done: Thread Group 1-2
2022-02-06 23:25:18,753 INFO o.a.j.t.JMeterThread: Thread finished: Thread Group 1-2
2022-02-06 23:25:18,933 INFO o.a.j.t.JMeterThread: Thread is done: Thread Group 1-3
2022-02-06 23:25:18,933 INFO o.a.j.t.JMeterThread: Thread finished: Thread Group 1-3
2022-02-06 23:25:19,081 INFO o.a.j.t.JMeterThread: Thread is done: Thread Group 1-5
2022-02-06 23:25:19,082 INFO o.a.j.t.JMeterThread: Thread finished: Thread Group 1-5
2022-02-06 23:25:19,101 INFO o.a.j.t.JMeterThread: Thread is done: Thread Group 1-4
2022-02-06 23:25:19,102 INFO o.a.j.t.JMeterThread: Thread finished: Thread Group 1-4
2022-02-06 23:25:19,102 INFO o.a.j.e.StandardJMeterEngine: Notifying test listeners of end of test
2022-02-06 23:25:19,102 INFO o.a.j.g.u.JMeterMenuBar: setRunning(false, *local*)
2022-02-06 23:26:33,530 INFO o.a.j.v.ViewResultsFullVisualizer: Add JavaFX to your Java installation if you want to use renderer: org.apache.jmeter.visualizers.RenderInBrowser
2022-02-06 23:26:41,082 ERROR o.a.j.JMeter: Uncaught exception in thread Thread[AWT-EventQueue-0,6,main]
java.lang.NoClassDefFoundError: Could not initialize class org.apache.jmeter.gui.util.FileDialoger
	at org.apache.jmeter.gui.action.Save.computeFileName(Save.java:201) ~[ApacheJMeter_core.jar:5.4.3]
	at org.apache.jmeter.gui.action.Save.doAction(Save.java:163) ~[ApacheJMeter_core.jar:5.4.3]
	at org.apache.jmeter.gui.action.ActionRouter.performAction(ActionRouter.java:87) ~[ApacheJMeter_core.jar:5.4.3]
	at org.apache.jmeter.gui.action.ActionRouter.lambda$actionPerformed$0(ActionRouter.java:69) ~[ApacheJMeter_core.jar:5.4.3]
	at java.awt.event.InvocationEvent.dispatch(InvocationEvent.java:318) ~[?:?]
	at java.awt.EventQueue.dispatchEventImpl(EventQueue.java:771) ~[?:?]
	at java.awt.EventQueue$4.run(EventQueue.java:722) ~[?:?]
	at java.awt.EventQueue$4.run(EventQueue.java:716) ~[?:?]
	at java.security.AccessController.doPrivileged(AccessController.java:399) ~[?:?]
	at java.security.ProtectionDomain$JavaSecurityAccessImpl.doIntersectionPrivilege(ProtectionDomain.java:86) ~[?:?]
	at java.awt.EventQueue.dispatchEvent(EventQueue.java:741) ~[?:?]
	at java.awt.EventDispatchThread.pumpOneEventForFilters(EventDispatchThread.java:203) [?:?]
	at java.awt.EventDispatchThread.pumpEventsForFilter(EventDispatchThread.java:124) [?:?]
	at java.awt.EventDispatchThread.pumpEventsForHierarchy(EventDispatchThread.java:113) [?:?]
	at java.awt.EventDispatchThread.pumpEvents(EventDispatchThread.java:109) [?:?]
	at java.awt.EventDispatchThread.pumpEvents(EventDispatchThread.java:101) [?:?]
	at java.awt.EventDispatchThread.run(EventDispatchThread.java:90) [?:?]
2022-02-06 23:26:41,960 ERROR o.a.j.JMeter: Uncaught exception in thread Thread[AWT-EventQueue-0,6,main]
java.lang.NoClassDefFoundError: Could not initialize class org.apache.jmeter.gui.util.FileDialoger
	at org.apache.jmeter.gui.action.Save.computeFileName(Save.java:201) ~[ApacheJMeter_core.jar:5.4.3]
	at org.apache.jmeter.gui.action.Save.doAction(Save.java:163) ~[ApacheJMeter_core.jar:5.4.3]
	at org.apache.jmeter.gui.action.ActionRouter.performAction(ActionRouter.java:87) ~[ApacheJMeter_core.jar:5.4.3]
	at org.apache.jmeter.gui.action.ActionRouter.lambda$actionPerformed$0(ActionRouter.java:69) ~[ApacheJMeter_core.jar:5.4.3]
	at java.awt.event.InvocationEvent.dispatch(InvocationEvent.java:318) ~[?:?]
	at java.awt.EventQueue.dispatchEventImpl(EventQueue.java:771) ~[?:?]
	at java.awt.EventQueue$4.run(EventQueue.java:722) ~[?:?]
	at java.awt.EventQueue$4.run(EventQueue.java:716) ~[?:?]
	at java.security.AccessController.doPrivileged(AccessController.java:399) ~[?:?]
	at java.security.ProtectionDomain$JavaSecurityAccessImpl.doIntersectionPrivilege(ProtectionDomain.java:86) ~[?:?]
	at java.awt.EventQueue.dispatchEvent(EventQueue.java:741) ~[?:?]
	at java.awt.EventDispatchThread.pumpOneEventForFilters(EventDispatchThread.java:203) [?:?]
	at java.awt.EventDispatchThread.pumpEventsForFilter(EventDispatchThread.java:124) [?:?]
	at java.awt.EventDispatchThread.pumpEventsForHierarchy(EventDispatchThread.java:113) [?:?]
	at java.awt.EventDispatchThread.pumpEvents(EventDispatchThread.java:109) [?:?]
	at java.awt.EventDispatchThread.pumpEvents(EventDispatchThread.java:101) [?:?]
	at java.awt.EventDispatchThread.run(EventDispatchThread.java:90) [?:?]
2022-02-06 23:26:49,493 INFO o.a.j.e.StandardJMeterEngine: Running the test!
2022-02-06 23:26:49,493 INFO o.a.j.s.SampleEvent: List of sample_variables: []
2022-02-06 23:26:49,494 INFO o.a.j.g.u.JMeterMenuBar: setRunning(true, *local*)
2022-02-06 23:26:49,523 INFO o.a.j.e.StandardJMeterEngine: Starting ThreadGroup: 1 : Thread Group
2022-02-06 23:26:49,523 INFO o.a.j.e.StandardJMeterEngine: Starting 5 threads for group Thread Group.
2022-02-06 23:26:49,523 INFO o.a.j.e.StandardJMeterEngine: Thread will continue on error
2022-02-06 23:26:49,523 INFO o.a.j.t.ThreadGroup: Starting thread group... number=1 threads=5 ramp-up=1 delayedStart=false
2022-02-06 23:26:49,524 INFO o.a.j.t.JMeterThread: Thread started: Thread Group 1-1
2022-02-06 23:26:49,525 INFO o.a.j.t.ThreadGroup: Started thread group number 1
2022-02-06 23:26:49,525 INFO o.a.j.e.StandardJMeterEngine: All thread groups have been started
2022-02-06 23:26:49,725 INFO o.a.j.t.JMeterThread: Thread started: Thread Group 1-2
2022-02-06 23:26:49,927 INFO o.a.j.t.JMeterThread: Thread started: Thread Group 1-3
2022-02-06 23:26:50,125 INFO o.a.j.t.JMeterThread: Thread started: Thread Group 1-4
2022-02-06 23:26:50,325 INFO o.a.j.t.JMeterThread: Thread started: Thread Group 1-5
2022-02-06 23:26:58,440 INFO o.a.j.t.JMeterThread: Thread is done: Thread Group 1-1
2022-02-06 23:26:58,441 INFO o.a.j.t.JMeterThread: Thread finished: Thread Group 1-1
2022-02-06 23:26:58,769 INFO o.a.j.t.JMeterThread: Thread is done: Thread Group 1-5
2022-02-06 23:26:58,769 INFO o.a.j.t.JMeterThread: Thread finished: Thread Group 1-5
2022-02-06 23:26:58,794 INFO o.a.j.t.JMeterThread: Thread is done: Thread Group 1-2
2022-02-06 23:26:58,794 INFO o.a.j.t.JMeterThread: Thread finished: Thread Group 1-2
2022-02-06 23:26:58,881 INFO o.a.j.t.JMeterThread: Thread is done: Thread Group 1-3
2022-02-06 23:26:58,881 INFO o.a.j.t.JMeterThread: Thread finished: Thread Group 1-3
2022-02-06 23:26:59,342 INFO o.a.j.t.JMeterThread: Thread is done: Thread Group 1-4
2022-02-06 23:26:59,342 INFO o.a.j.t.JMeterThread: Thread finished: Thread Group 1-4
2022-02-06 23:26:59,342 INFO o.a.j.e.StandardJMeterEngine: Notifying test listeners of end of test
2022-02-06 23:26:59,343 INFO o.a.j.g.u.JMeterMenuBar: setRunning(false, *local*)
2022-02-06 23:27:52,294 INFO o.a.j.e.StandardJMeterEngine: Running the test!
2022-02-06 23:27:52,294 INFO o.a.j.s.SampleEvent: List of sample_variables: []
2022-02-06 23:27:52,295 INFO o.a.j.g.u.JMeterMenuBar: setRunning(true, *local*)
2022-02-06 23:27:52,337 INFO o.a.j.e.StandardJMeterEngine: Starting ThreadGroup: 1 : Thread Group
2022-02-06 23:27:52,337 INFO o.a.j.e.StandardJMeterEngine: Starting 5 threads for group Thread Group.
2022-02-06 23:27:52,337 INFO o.a.j.e.StandardJMeterEngine: Thread will continue on error
2022-02-06 23:27:52,337 INFO o.a.j.t.ThreadGroup: Starting thread group... number=1 threads=5 ramp-up=1 delayedStart=false
2022-02-06 23:27:52,338 INFO o.a.j.t.JMeterThread: Thread started: Thread Group 1-1
2022-02-06 23:27:52,338 INFO o.a.j.t.ThreadGroup: Started thread group number 1
2022-02-06 23:27:52,338 INFO o.a.j.e.StandardJMeterEngine: All thread groups have been started
2022-02-06 23:27:52,543 INFO o.a.j.t.JMeterThread: Thread started: Thread Group 1-2
2022-02-06 23:27:52,737 INFO o.a.j.t.JMeterThread: Thread started: Thread Group 1-3
2022-02-06 23:27:52,939 INFO o.a.j.t.JMeterThread: Thread started: Thread Group 1-4
2022-02-06 23:27:53,142 INFO o.a.j.t.JMeterThread: Thread started: Thread Group 1-5
2022-02-06 23:28:08,404 INFO o.a.j.t.JMeterThread: Thread is done: Thread Group 1-2
2022-02-06 23:28:08,404 INFO o.a.j.t.JMeterThread: Thread finished: Thread Group 1-2
2022-02-06 23:28:08,428 INFO o.a.j.t.JMeterThread: Thread is done: Thread Group 1-1
2022-02-06 23:28:08,428 INFO o.a.j.t.JMeterThread: Thread finished: Thread Group 1-1
2022-02-06 23:28:08,740 INFO o.a.j.t.JMeterThread: Thread is done: Thread Group 1-4
2022-02-06 23:28:08,741 INFO o.a.j.t.JMeterThread: Thread finished: Thread Group 1-4
2022-02-06 23:28:10,792 INFO o.a.j.t.JMeterThread: Thread is done: Thread Group 1-5
2022-02-06 23:28:10,793 INFO o.a.j.t.JMeterThread: Thread finished: Thread Group 1-5
2022-02-06 23:28:11,664 INFO o.a.j.t.JMeterThread: Thread is done: Thread Group 1-3
2022-02-06 23:28:11,665 INFO o.a.j.t.JMeterThread: Thread finished: Thread Group 1-3
2022-02-06 23:28:11,665 INFO o.a.j.e.StandardJMeterEngine: Notifying test listeners of end of test
2022-02-06 23:28:11,666 INFO o.a.j.g.u.JMeterMenuBar: setRunning(false, *local*)
2022-02-06 23:29:21,887 ERROR o.a.j.JMeter: Uncaught exception in thread Thread[AWT-EventQueue-0,6,main]
java.lang.NoClassDefFoundError: Could not initialize class org.apache.jmeter.gui.util.FileDialoger
	at org.apache.jmeter.gui.action.Save.computeFileName(Save.java:201) ~[ApacheJMeter_core.jar:5.4.3]
	at org.apache.jmeter.gui.action.Save.doAction(Save.java:163) ~[ApacheJMeter_core.jar:5.4.3]
	at org.apache.jmeter.gui.action.ActionRouter.performAction(ActionRouter.java:87) ~[ApacheJMeter_core.jar:5.4.3]
	at org.apache.jmeter.gui.action.ActionRouter.lambda$actionPerformed$0(ActionRouter.java:69) ~[ApacheJMeter_core.jar:5.4.3]
	at java.awt.event.InvocationEvent.dispatch(InvocationEvent.java:318) ~[?:?]
	at java.awt.EventQueue.dispatchEventImpl(EventQueue.java:771) ~[?:?]
	at java.awt.EventQueue$4.run(EventQueue.java:722) ~[?:?]
	at java.awt.EventQueue$4.run(EventQueue.java:716) ~[?:?]
	at java.security.AccessController.doPrivileged(AccessController.java:399) ~[?:?]
	at java.security.ProtectionDomain$JavaSecurityAccessImpl.doIntersectionPrivilege(ProtectionDomain.java:86) ~[?:?]
	at java.awt.EventQueue.dispatchEvent(EventQueue.java:741) ~[?:?]
	at java.awt.EventDispatchThread.pumpOneEventForFilters(EventDispatchThread.java:203) [?:?]
	at java.awt.EventDispatchThread.pumpEventsForFilter(EventDispatchThread.java:124) [?:?]
	at java.awt.EventDispatchThread.pumpEventsForHierarchy(EventDispatchThread.java:113) [?:?]
	at java.awt.EventDispatchThread.pumpEvents(EventDispatchThread.java:109) [?:?]
	at java.awt.EventDispatchThread.pumpEvents(EventDispatchThread.java:101) [?:?]
	at java.awt.EventDispatchThread.run(EventDispatchThread.java:90) [?:?]
2022-02-06 23:29:27,781 INFO o.a.j.e.StandardJMeterEngine: Running the test!
2022-02-06 23:29:27,781 INFO o.a.j.s.SampleEvent: List of sample_variables: []
2022-02-06 23:29:27,781 INFO o.a.j.g.u.JMeterMenuBar: setRunning(true, *local*)
2022-02-06 23:29:27,820 INFO o.a.j.e.StandardJMeterEngine: Starting ThreadGroup: 1 : Thread Group
2022-02-06 23:29:27,820 INFO o.a.j.e.StandardJMeterEngine: Starting 5 threads for group Thread Group.
2022-02-06 23:29:27,820 INFO o.a.j.e.StandardJMeterEngine: Thread will continue on error
2022-02-06 23:29:27,820 INFO o.a.j.t.ThreadGroup: Starting thread group... number=1 threads=5 ramp-up=1 delayedStart=false
2022-02-06 23:29:27,820 INFO o.a.j.t.JMeterThread: Thread started: Thread Group 1-1
2022-02-06 23:29:27,821 INFO o.a.j.t.ThreadGroup: Started thread group number 1
2022-02-06 23:29:27,821 INFO o.a.j.e.StandardJMeterEngine: All thread groups have been started
2022-02-06 23:29:28,022 INFO o.a.j.t.JMeterThread: Thread started: Thread Group 1-2
2022-02-06 23:29:28,226 INFO o.a.j.t.JMeterThread: Thread started: Thread Group 1-3
2022-02-06 23:29:28,426 INFO o.a.j.t.JMeterThread: Thread started: Thread Group 1-4
2022-02-06 23:29:28,623 INFO o.a.j.t.JMeterThread: Thread started: Thread Group 1-5
2022-02-06 23:29:36,992 INFO o.a.j.t.JMeterThread: Thread is done: Thread Group 1-1
2022-02-06 23:29:36,992 INFO o.a.j.t.JMeterThread: Thread finished: Thread Group 1-1
2022-02-06 23:29:37,306 INFO o.a.j.t.JMeterThread: Thread is done: Thread Group 1-3
2022-02-06 23:29:37,306 INFO o.a.j.t.JMeterThread: Thread finished: Thread Group 1-3
2022-02-06 23:29:37,426 INFO o.a.j.t.JMeterThread: Thread is done: Thread Group 1-2
2022-02-06 23:29:37,426 INFO o.a.j.t.JMeterThread: Thread finished: Thread Group 1-2
2022-02-06 23:29:37,978 INFO o.a.j.t.JMeterThread: Thread is done: Thread Group 1-4
2022-02-06 23:29:37,978 INFO o.a.j.t.JMeterThread: Thread finished: Thread Group 1-4
2022-02-06 23:29:38,353 INFO o.a.j.t.JMeterThread: Thread is done: Thread Group 1-5
2022-02-06 23:29:38,353 INFO o.a.j.t.JMeterThread: Thread finished: Thread Group 1-5
2022-02-06 23:29:38,353 INFO o.a.j.e.StandardJMeterEngine: Notifying test listeners of end of test
2022-02-06 23:29:38,353 INFO o.a.j.g.u.JMeterMenuBar: setRunning(false, *local*)
2022-02-06 23:31:10,223 ERROR o.a.j.JMeter: Uncaught exception in thread Thread[AWT-EventQueue-0,6,main]
java.lang.NoClassDefFoundError: Could not initialize class org.apache.jmeter.gui.util.FileDialoger
	at org.apache.jmeter.gui.action.Save.computeFileName(Save.java:201) ~[ApacheJMeter_core.jar:5.4.3]
	at org.apache.jmeter.gui.action.Save.doAction(Save.java:163) ~[ApacheJMeter_core.jar:5.4.3]
	at org.apache.jmeter.gui.action.ActionRouter.performAction(ActionRouter.java:87) ~[ApacheJMeter_core.jar:5.4.3]
	at org.apache.jmeter.gui.action.ActionRouter.lambda$actionPerformed$0(ActionRouter.java:69) ~[ApacheJMeter_core.jar:5.4.3]
	at java.awt.event.InvocationEvent.dispatch(InvocationEvent.java:318) ~[?:?]
	at java.awt.EventQueue.dispatchEventImpl(EventQueue.java:771) ~[?:?]
	at java.awt.EventQueue$4.run(EventQueue.java:722) ~[?:?]
	at java.awt.EventQueue$4.run(EventQueue.java:716) ~[?:?]
	at java.security.AccessController.doPrivileged(AccessController.java:399) ~[?:?]
	at java.security.ProtectionDomain$JavaSecurityAccessImpl.doIntersectionPrivilege(ProtectionDomain.java:86) ~[?:?]
	at java.awt.EventQueue.dispatchEvent(EventQueue.java:741) ~[?:?]
	at java.awt.EventDispatchThread.pumpOneEventForFilters(EventDispatchThread.java:203) [?:?]
	at java.awt.EventDispatchThread.pumpEventsForFilter(EventDispatchThread.java:124) [?:?]
	at java.awt.EventDispatchThread.pumpEventsForHierarchy(EventDispatchThread.java:113) [?:?]
	at java.awt.EventDispatchThread.pumpEvents(EventDispatchThread.java:109) [?:?]
	at java.awt.EventDispatchThread.pumpEvents(EventDispatchThread.java:101) [?:?]
	at java.awt.EventDispatchThread.run(EventDispatchThread.java:90) [?:?]
2022-02-06 23:31:16,699 INFO o.a.j.e.StandardJMeterEngine: Running the test!
2022-02-06 23:31:16,699 INFO o.a.j.s.SampleEvent: List of sample_variables: []
2022-02-06 23:31:16,700 INFO o.a.j.g.u.JMeterMenuBar: setRunning(true, *local*)
2022-02-06 23:31:16,740 INFO o.a.j.e.StandardJMeterEngine: Starting ThreadGroup: 1 : Thread Group
2022-02-06 23:31:16,740 INFO o.a.j.e.StandardJMeterEngine: Starting 5 threads for group Thread Group.
2022-02-06 23:31:16,740 INFO o.a.j.e.StandardJMeterEngine: Thread will continue on error
2022-02-06 23:31:16,740 INFO o.a.j.t.ThreadGroup: Starting thread group... number=1 threads=5 ramp-up=1 delayedStart=false
2022-02-06 23:31:16,740 INFO o.a.j.t.JMeterThread: Thread started: Thread Group 1-1
2022-02-06 23:31:16,741 INFO o.a.j.t.ThreadGroup: Started thread group number 1
2022-02-06 23:31:16,741 INFO o.a.j.e.StandardJMeterEngine: All thread groups have been started
2022-02-06 23:31:16,946 INFO o.a.j.t.JMeterThread: Thread started: Thread Group 1-2
2022-02-06 23:31:17,145 INFO o.a.j.t.JMeterThread: Thread started: Thread Group 1-3
2022-02-06 23:31:17,345 INFO o.a.j.t.JMeterThread: Thread started: Thread Group 1-4
2022-02-06 23:31:17,545 INFO o.a.j.t.JMeterThread: Thread started: Thread Group 1-5
2022-02-06 23:31:26,673 INFO o.a.j.t.JMeterThread: Thread is done: Thread Group 1-2
2022-02-06 23:31:26,674 INFO o.a.j.t.JMeterThread: Thread finished: Thread Group 1-2
2022-02-06 23:31:26,698 INFO o.a.j.t.JMeterThread: Thread is done: Thread Group 1-1
2022-02-06 23:31:26,699 INFO o.a.j.t.JMeterThread: Thread finished: Thread Group 1-1
2022-02-06 23:31:27,010 INFO o.a.j.t.JMeterThread: Thread is done: Thread Group 1-3
2022-02-06 23:31:27,010 INFO o.a.j.t.JMeterThread: Thread finished: Thread Group 1-3
2022-02-06 23:31:27,096 INFO o.a.j.t.JMeterThread: Thread is done: Thread Group 1-5
2022-02-06 23:31:27,096 INFO o.a.j.t.JMeterThread: Thread finished: Thread Group 1-5
2022-02-06 23:31:27,386 INFO o.a.j.t.JMeterThread: Thread is done: Thread Group 1-4
2022-02-06 23:31:27,387 INFO o.a.j.t.JMeterThread: Thread finished: Thread Group 1-4
2022-02-06 23:31:27,387 INFO o.a.j.e.StandardJMeterEngine: Notifying test listeners of end of test
2022-02-06 23:31:27,387 INFO o.a.j.g.u.JMeterMenuBar: setRunning(false, *local*)
2022-02-06 23:32:32,186 INFO o.a.j.e.StandardJMeterEngine: Running the test!
2022-02-06 23:32:32,187 INFO o.a.j.s.SampleEvent: List of sample_variables: []
2022-02-06 23:32:32,187 INFO o.a.j.g.u.JMeterMenuBar: setRunning(true, *local*)
2022-02-06 23:32:32,224 INFO o.a.j.e.StandardJMeterEngine: Starting ThreadGroup: 1 : Thread Group
2022-02-06 23:32:32,224 INFO o.a.j.e.StandardJMeterEngine: Starting 5 threads for group Thread Group.
2022-02-06 23:32:32,224 INFO o.a.j.e.StandardJMeterEngine: Thread will continue on error
2022-02-06 23:32:32,224 INFO o.a.j.t.ThreadGroup: Starting thread group... number=1 threads=5 ramp-up=1 delayedStart=false
2022-02-06 23:32:32,225 INFO o.a.j.t.JMeterThread: Thread started: Thread Group 1-1
2022-02-06 23:32:32,225 INFO o.a.j.t.ThreadGroup: Started thread group number 1
2022-02-06 23:32:32,225 INFO o.a.j.e.StandardJMeterEngine: All thread groups have been started
2022-02-06 23:32:32,426 INFO o.a.j.t.JMeterThread: Thread started: Thread Group 1-2
2022-02-06 23:32:32,626 INFO o.a.j.t.JMeterThread: Thread started: Thread Group 1-3
2022-02-06 23:32:32,826 INFO o.a.j.t.JMeterThread: Thread started: Thread Group 1-4
2022-02-06 23:32:33,028 INFO o.a.j.t.JMeterThread: Thread started: Thread Group 1-5
2022-02-06 23:32:42,107 INFO o.a.j.t.JMeterThread: Thread is done: Thread Group 1-1
2022-02-06 23:32:42,107 INFO o.a.j.t.JMeterThread: Thread finished: Thread Group 1-1
2022-02-06 23:32:42,344 INFO o.a.j.t.JMeterThread: Thread is done: Thread Group 1-2
2022-02-06 23:32:42,344 INFO o.a.j.t.JMeterThread: Thread finished: Thread Group 1-2
2022-02-06 23:32:42,424 INFO o.a.j.t.JMeterThread: Thread is done: Thread Group 1-3
2022-02-06 23:32:42,424 INFO o.a.j.t.JMeterThread: Thread finished: Thread Group 1-3
2022-02-06 23:32:42,775 INFO o.a.j.t.JMeterThread: Thread is done: Thread Group 1-4
2022-02-06 23:32:42,775 INFO o.a.j.t.JMeterThread: Thread finished: Thread Group 1-4
2022-02-06 23:32:42,826 INFO o.a.j.t.JMeterThread: Thread is done: Thread Group 1-5
2022-02-06 23:32:42,826 INFO o.a.j.t.JMeterThread: Thread finished: Thread Group 1-5
2022-02-06 23:32:42,826 INFO o.a.j.e.StandardJMeterEngine: Notifying test listeners of end of test
2022-02-06 23:32:42,826 INFO o.a.j.g.u.JMeterMenuBar: setRunning(false, *local*)
2022-02-06 23:39:35,324 ERROR o.a.j.JMeter: Uncaught exception in thread Thread[AWT-EventQueue-0,6,main]
java.lang.NoClassDefFoundError: Could not initialize class org.apache.jmeter.gui.util.FileDialoger
	at org.apache.jmeter.gui.action.Save.computeFileName(Save.java:201) ~[ApacheJMeter_core.jar:5.4.3]
	at org.apache.jmeter.gui.action.Save.doAction(Save.java:163) ~[ApacheJMeter_core.jar:5.4.3]
	at org.apache.jmeter.gui.action.ActionRouter.performAction(ActionRouter.java:87) ~[ApacheJMeter_core.jar:5.4.3]
	at org.apache.jmeter.gui.action.ActionRouter.doActionNow(ActionRouter.java:124) ~[ApacheJMeter_core.jar:5.4.3]
	at org.apache.jmeter.gui.action.ExitCommand.doActionAfterCheck(ExitCommand.java:71) ~[ApacheJMeter_core.jar:5.4.3]
	at org.apache.jmeter.gui.action.AbstractActionWithNoRunningTest.doAction(AbstractActionWithNoRunningTest.java:44) ~[ApacheJMeter_core.jar:5.4.3]
	at org.apache.jmeter.gui.action.ActionRouter.performAction(ActionRouter.java:87) ~[ApacheJMeter_core.jar:5.4.3]
	at org.apache.jmeter.gui.action.ActionRouter.lambda$actionPerformed$0(ActionRouter.java:69) ~[ApacheJMeter_core.jar:5.4.3]
	at java.awt.event.InvocationEvent.dispatch(InvocationEvent.java:318) ~[?:?]
	at java.awt.EventQueue.dispatchEventImpl(EventQueue.java:771) ~[?:?]
	at java.awt.EventQueue$4.run(EventQueue.java:722) ~[?:?]
	at java.awt.EventQueue$4.run(EventQueue.java:716) ~[?:?]
	at java.security.AccessController.doPrivileged(AccessController.java:399) ~[?:?]
	at java.security.ProtectionDomain$JavaSecurityAccessImpl.doIntersectionPrivilege(ProtectionDomain.java:86) ~[?:?]
	at java.awt.EventQueue.dispatchEvent(EventQueue.java:741) ~[?:?]
	at java.awt.EventDispatchThread.pumpOneEventForFilters(EventDispatchThread.java:203) [?:?]
	at java.awt.EventDispatchThread.pumpEventsForFilter(EventDispatchThread.java:124) [?:?]
	at java.awt.EventDispatchThread.pumpEventsForHierarchy(EventDispatchThread.java:113) [?:?]
	at java.awt.EventDispatchThread.pumpEvents(EventDispatchThread.java:109) [?:?]
	at java.awt.EventDispatchThread.pumpEvents(EventDispatchThread.java:101) [?:?]
	at java.awt.EventDispatchThread.run(EventDispatchThread.java:90) [?:?]
2022-02-06 23:39:44,309 ERROR o.a.j.JMeter: Uncaught exception in thread Thread[AWT-EventQueue-0,6,main]
java.lang.NoClassDefFoundError: Could not initialize class org.apache.jmeter.gui.util.FileDialoger
	at org.apache.jmeter.gui.action.Save.computeFileName(Save.java:201) ~[ApacheJMeter_core.jar:5.4.3]
	at org.apache.jmeter.gui.action.Save.doAction(Save.java:163) ~[ApacheJMeter_core.jar:5.4.3]
	at org.apache.jmeter.gui.action.ActionRouter.performAction(ActionRouter.java:87) ~[ApacheJMeter_core.jar:5.4.3]
	at org.apache.jmeter.gui.action.ActionRouter.lambda$actionPerformed$0(ActionRouter.java:69) ~[ApacheJMeter_core.jar:5.4.3]
	at java.awt.event.InvocationEvent.dispatch(InvocationEvent.java:318) ~[?:?]
	at java.awt.EventQueue.dispatchEventImpl(EventQueue.java:771) ~[?:?]
	at java.awt.EventQueue$4.run(EventQueue.java:722) ~[?:?]
	at java.awt.EventQueue$4.run(EventQueue.java:716) ~[?:?]
	at java.security.AccessController.doPrivileged(AccessController.java:399) ~[?:?]
	at java.security.ProtectionDomain$JavaSecurityAccessImpl.doIntersectionPrivilege(ProtectionDomain.java:86) ~[?:?]
	at java.awt.EventQueue.dispatchEvent(EventQueue.java:741) ~[?:?]
	at java.awt.EventDispatchThread.pumpOneEventForFilters(EventDispatchThread.java:203) [?:?]
	at java.awt.EventDispatchThread.pumpEventsForFilter(EventDispatchThread.java:124) [?:?]
	at java.awt.EventDispatchThread.pumpEventsForHierarchy(EventDispatchThread.java:113) [?:?]
	at java.awt.EventDispatchThread.pumpEvents(EventDispatchThread.java:109) [?:?]
	at java.awt.EventDispatchThread.pumpEvents(EventDispatchThread.java:101) [?:?]
	at java.awt.EventDispatchThread.run(EventDispatchThread.java:90) [?:?]
